This file contains any messages produced by compilers while
running configure, to aid debugging if configure makes a mistake.

It was created by pamtester configure 0.1.2, which was
generated by GNU Autoconf 2.59.  Invocation command line was

  $ ./configure --prefix=/usr/local/pamtester-0.1.2

## --------- ##
## Platform. ##
## --------- ##

hostname = learn-f
uname -m = ppc64
uname -r = 2.6.18-274.7.1.el5
uname -s = Linux
uname -v = #1 SMP Mon Oct 17 12:01:05 EDT 2011

/usr/bin/uname -p = unknown
/bin/uname -X     = unknown

/bin/arch              = ppc64
/usr/bin/arch -k       = unknown
/usr/convex/getsysinfo = unknown
hostinfo               = unknown
/bin/machine           = unknown
/usr/bin/oslevel       = unknown
/bin/universe          = unknown

PATH: /usr/kerberos/sbin
PATH: /usr/kerberos/bin
PATH: /opt/csm/bin
PATH: /usr/local/sbin
PATH: /usr/local/bin
PATH: /sbin
PATH: /bin
PATH: /usr/sbin
PATH: /usr/bin
PATH: /usr/local/daemontools/command/
PATH: /usr/local/pg/bin/
PATH: /root/bin
PATH: /opt/IBM_DS/jre/bin


## ----------- ##
## Core tests. ##
## ----------- ##

configure:1551: checking for a BSD-compatible install
configure:1606: result: /usr/bin/install -c
configure:1617: checking whether build environment is sane
configure:1660: result: yes
configure:1675: checking whether make sets $(MAKE)
configure:1695: result: yes
configure:1727: checking for working aclocal-1.4
configure:1738: result: missing
configure:1742: checking for working autoconf
configure:1749: result: found
configure:1757: checking for working automake-1.4
configure:1768: result: missing
configure:1772: checking for working autoheader
configure:1779: result: found
configure:1787: checking for working makeinfo
configure:1798: result: missing
configure:1809: checking whether to enable maintainer-specific portions of Makefiles
configure:1818: result: no
configure:1884: checking for gcc
configure:1900: found /usr/bin/gcc
configure:1910: result: gcc
configure:2154: checking for C compiler version
configure:2157: gcc --version </dev/null >&5
gcc32 (GCC) 4.1.2 20080704 (Red Hat 4.1.2-51)
Copyright (C) 2006 Free Software Foundation, Inc.
This is free software; see the source for copying conditions.  There is NO
warranty; not even for MERCHANTABILITY or FITNESS FOR A PARTICULAR PURPOSE.

configure:2160: $? = 0
configure:2162: gcc -v </dev/null >&5
Using built-in specs.
Target: ppc64-redhat-linux
Configured with: ../configure --prefix=/usr --mandir=/usr/share/man --infodir=/usr/share/info --enable-shared --enable-threads=posix --enable-checking=release --with-system-zlib --enable-__cxa_atexit --disable-libunwind-exceptions --enable-libgcj-multifile --enable-languages=c,c++,objc,obj-c++,java,fortran --enable-java-awt=gtk --disable-dssi --disable-plugin --with-java-home=/usr/lib/jvm/java-1.4.2-gcj-1.4.2.0/jre --enable-secureplt --with-long-double-128 --host=ppc64-redhat-linux --build=ppc64-redhat-linux --target=ppc64-redhat-linux --with-cpu=default32
Thread model: posix
gcc version 4.1.2 20080704 (Red Hat 4.1.2-51)
configure:2165: $? = 0
configure:2167: gcc -V </dev/null >&5
gcc32: '-V' must come at the start of the command line
configure:2170: $? = 1
configure:2193: checking for C compiler default output file name
configure:2196: gcc -O3   conftest.c  >&5
configure:2199: $? = 0
configure:2245: result: a.out
configure:2250: checking whether the C compiler works
configure:2256: ./a.out
configure:2259: $? = 0
configure:2276: result: yes
configure:2283: checking whether we are cross compiling
configure:2285: result: no
configure:2288: checking for suffix of executables
configure:2290: gcc -o conftest -O3   conftest.c  >&5
configure:2293: $? = 0
configure:2318: result: 
configure:2324: checking for suffix of object files
configure:2345: gcc -c -O3  conftest.c >&5
configure:2348: $? = 0
configure:2370: result: o
configure:2374: checking whether we are using the GNU C compiler
configure:2398: gcc -c -O3  conftest.c >&5
configure:2404: $? = 0
configure:2407: test -z 			 || test ! -s conftest.err
configure:2410: $? = 0
configure:2413: test -s conftest.o
configure:2416: $? = 0
configure:2429: result: yes
configure:2435: checking whether gcc accepts -g
configure:2456: gcc -c -g  conftest.c >&5
configure:2462: $? = 0
configure:2465: test -z 			 || test ! -s conftest.err
configure:2468: $? = 0
configure:2471: test -s conftest.o
configure:2474: $? = 0
configure:2485: result: yes
configure:2502: checking for gcc option to accept ANSI C
configure:2572: gcc  -c -O3  conftest.c >&5
configure:2578: $? = 0
configure:2581: test -z 			 || test ! -s conftest.err
configure:2584: $? = 0
configure:2587: test -s conftest.o
configure:2590: $? = 0
configure:2608: result: none needed
configure:2626: gcc -c -O3  conftest.c >&5
conftest.c:2: error: expected '=', ',', ';', 'asm' or '__attribute__' before 'me'
configure:2632: $? = 1
configure: failed program was:
| #ifndef __cplusplus
|   choke me
| #endif
configure:2762: checking whether ln -s works
configure:2766: result: yes
configure:2786: checking for a BSD-compatible install
configure:2841: result: /usr/bin/install -c
configure:2930: checking build system type
configure:2948: result: powerpc64-unknown-linux-gnu
configure:2956: checking host system type
configure:2970: result: powerpc64-unknown-linux-gnu
configure:2978: checking for a sed that does not truncate output
configure:3032: result: /bin/sed
configure:3035: checking for egrep
configure:3045: result: grep -E
configure:3061: checking for ld used by gcc
configure:3128: result: /usr/bin/ld
configure:3137: checking if the linker (/usr/bin/ld) is GNU ld
configure:3152: result: yes
configure:3157: checking for /usr/bin/ld option to reload object files
configure:3164: result: -r
configure:3173: checking for BSD-compatible nm
configure:3215: result: /usr/bin/nm -B
configure:3219: checking how to recognise dependent libraries
configure:3393: result: pass_all
configure:3478: gcc -c -O3  conftest.c >&5
configure:3481: $? = 0
configure:3606: checking how to run the C preprocessor
configure:3641: gcc -E  conftest.c
configure:3647: $? = 0
configure:3679: gcc -E  conftest.c
conftest.c:11:28: error: ac_nonexistent.h: No such file or directory
configure:3685: $? = 1
configure: failed program was:
| /* confdefs.h.  */
| 
| #define PACKAGE_NAME "pamtester"
| #define PACKAGE_TARNAME "pamtester"
| #define PACKAGE_VERSION "0.1.2"
| #define PACKAGE_STRING "pamtester 0.1.2"
| #define PACKAGE_BUGREPORT ""
| #define PACKAGE "pamtester"
| #define VERSION "0.1.2"
| /* end confdefs.h.  */
| #include <ac_nonexistent.h>
configure:3724: result: gcc -E
configure:3748: gcc -E  conftest.c
configure:3754: $? = 0
configure:3786: gcc -E  conftest.c
conftest.c:11:28: error: ac_nonexistent.h: No such file or directory
configure:3792: $? = 1
configure: failed program was:
| /* confdefs.h.  */
| 
| #define PACKAGE_NAME "pamtester"
| #define PACKAGE_TARNAME "pamtester"
| #define PACKAGE_VERSION "0.1.2"
| #define PACKAGE_STRING "pamtester 0.1.2"
| #define PACKAGE_BUGREPORT ""
| #define PACKAGE "pamtester"
| #define VERSION "0.1.2"
| /* end confdefs.h.  */
| #include <ac_nonexistent.h>
configure:3836: checking for ANSI C header files
configure:3861: gcc -c -O3  conftest.c >&5
configure:3867: $? = 0
configure:3870: test -z 			 || test ! -s conftest.err
configure:3873: $? = 0
configure:3876: test -s conftest.o
configure:3879: $? = 0
configure:3968: gcc -o conftest -O3   conftest.c  >&5
conftest.c: In function 'main':
conftest.c:28: warning: incompatible implicit declaration of built-in function 'exit'
configure:3971: $? = 0
configure:3973: ./conftest
configure:3976: $? = 0
configure:3991: result: yes
configure:4015: checking for sys/types.h
configure:4031: gcc -c -O3  conftest.c >&5
configure:4037: $? = 0
configure:4040: test -z 			 || test ! -s conftest.err
configure:4043: $? = 0
configure:4046: test -s conftest.o
configure:4049: $? = 0
configure:4060: result: yes
configure:4015: checking for sys/stat.h
configure:4031: gcc -c -O3  conftest.c >&5
configure:4037: $? = 0
configure:4040: test -z 			 || test ! -s conftest.err
configure:4043: $? = 0
configure:4046: test -s conftest.o
configure:4049: $? = 0
configure:4060: result: yes
configure:4015: checking for stdlib.h
configure:4031: gcc -c -O3  conftest.c >&5
configure:4037: $? = 0
configure:4040: test -z 			 || test ! -s conftest.err
configure:4043: $? = 0
configure:4046: test -s conftest.o
configure:4049: $? = 0
configure:4060: result: yes
configure:4015: checking for string.h
configure:4031: gcc -c -O3  conftest.c >&5
configure:4037: $? = 0
configure:4040: test -z 			 || test ! -s conftest.err
configure:4043: $? = 0
configure:4046: test -s conftest.o
configure:4049: $? = 0
configure:4060: result: yes
configure:4015: checking for memory.h
configure:4031: gcc -c -O3  conftest.c >&5
configure:4037: $? = 0
configure:4040: test -z 			 || test ! -s conftest.err
configure:4043: $? = 0
configure:4046: test -s conftest.o
configure:4049: $? = 0
configure:4060: result: yes
configure:4015: checking for strings.h
configure:4031: gcc -c -O3  conftest.c >&5
configure:4037: $? = 0
configure:4040: test -z 			 || test ! -s conftest.err
configure:4043: $? = 0
configure:4046: test -s conftest.o
configure:4049: $? = 0
configure:4060: result: yes
configure:4015: checking for inttypes.h
configure:4031: gcc -c -O3  conftest.c >&5
configure:4037: $? = 0
configure:4040: test -z 			 || test ! -s conftest.err
configure:4043: $? = 0
configure:4046: test -s conftest.o
configure:4049: $? = 0
configure:4060: result: yes
configure:4015: checking for stdint.h
configure:4031: gcc -c -O3  conftest.c >&5
configure:4037: $? = 0
configure:4040: test -z 			 || test ! -s conftest.err
configure:4043: $? = 0
configure:4046: test -s conftest.o
configure:4049: $? = 0
configure:4060: result: yes
configure:4015: checking for unistd.h
configure:4031: gcc -c -O3  conftest.c >&5
configure:4037: $? = 0
configure:4040: test -z 			 || test ! -s conftest.err
configure:4043: $? = 0
configure:4046: test -s conftest.o
configure:4049: $? = 0
configure:4060: result: yes
configure:4086: checking dlfcn.h usability
configure:4098: gcc -c -O3  conftest.c >&5
configure:4104: $? = 0
configure:4107: test -z 			 || test ! -s conftest.err
configure:4110: $? = 0
configure:4113: test -s conftest.o
configure:4116: $? = 0
configure:4126: result: yes
configure:4130: checking dlfcn.h presence
configure:4140: gcc -E  conftest.c
configure:4146: $? = 0
configure:4166: result: yes
configure:4201: checking for dlfcn.h
configure:4208: result: yes
configure:4273: checking for g++
configure:4289: found /usr/bin/g++
configure:4299: result: g++
configure:4315: checking for C++ compiler version
configure:4318: g++ --version </dev/null >&5
g++ (GCC) 4.1.2 20080704 (Red Hat 4.1.2-51)
Copyright (C) 2006 Free Software Foundation, Inc.
This is free software; see the source for copying conditions.  There is NO
warranty; not even for MERCHANTABILITY or FITNESS FOR A PARTICULAR PURPOSE.

configure:4321: $? = 0
configure:4323: g++ -v </dev/null >&5
Using built-in specs.
Target: ppc64-redhat-linux
Configured with: ../configure --prefix=/usr --mandir=/usr/share/man --infodir=/usr/share/info --enable-shared --enable-threads=posix --enable-checking=release --with-system-zlib --enable-__cxa_atexit --disable-libunwind-exceptions --enable-libgcj-multifile --enable-languages=c,c++,objc,obj-c++,java,fortran --enable-java-awt=gtk --disable-dssi --disable-plugin --with-java-home=/usr/lib/jvm/java-1.4.2-gcj-1.4.2.0/jre --enable-secureplt --with-long-double-128 --host=ppc64-redhat-linux --build=ppc64-redhat-linux --target=ppc64-redhat-linux --with-cpu=default32
Thread model: posix
gcc version 4.1.2 20080704 (Red Hat 4.1.2-51)
configure:4326: $? = 0
configure:4328: g++ -V </dev/null >&5
g++: '-V' option must have argument
configure:4331: $? = 1
configure:4334: checking whether we are using the GNU C++ compiler
configure:4358: g++ -c   conftest.cc >&5
configure:4364: $? = 0
configure:4367: test -z 			 || test ! -s conftest.err
configure:4370: $? = 0
configure:4373: test -s conftest.o
configure:4376: $? = 0
configure:4389: result: yes
configure:4395: checking whether g++ accepts -g
configure:4416: g++ -c -g  conftest.cc >&5
configure:4422: $? = 0
configure:4425: test -z 			 || test ! -s conftest.err
configure:4428: $? = 0
configure:4431: test -s conftest.o
configure:4434: $? = 0
configure:4445: result: yes
configure:4487: g++ -c -g -O2  conftest.cc >&5
configure:4493: $? = 0
configure:4496: test -z 			 || test ! -s conftest.err
configure:4499: $? = 0
configure:4502: test -s conftest.o
configure:4505: $? = 0
configure:4531: g++ -c -g -O2  conftest.cc >&5
conftest.cc: In function 'int main()':
conftest.cc:26: error: 'exit' was not declared in this scope
configure:4537: $? = 1
configure: failed program was:
| /* confdefs.h.  */
| 
| #define PACKAGE_NAME "pamtester"
| #define PACKAGE_TARNAME "pamtester"
| #define PACKAGE_VERSION "0.1.2"
| #define PACKAGE_STRING "pamtester 0.1.2"
| #define PACKAGE_BUGREPORT ""
| #define PACKAGE "pamtester"
| #define VERSION "0.1.2"
| #define STDC_HEADERS 1
| #define HAVE_SYS_TYPES_H 1
| #define HAVE_SYS_STAT_H 1
| #define HAVE_STDLIB_H 1
| #define HAVE_STRING_H 1
| #define HAVE_MEMORY_H 1
| #define HAVE_STRINGS_H 1
| #define HAVE_INTTYPES_H 1
| #define HAVE_STDINT_H 1
| #define HAVE_UNISTD_H 1
| #define HAVE_DLFCN_H 1
| /* end confdefs.h.  */
| 
| int
| main ()
| {
| exit (42);
|   ;
|   return 0;
| }
configure:4487: g++ -c -g -O2  conftest.cc >&5
configure:4493: $? = 0
configure:4496: test -z 			 || test ! -s conftest.err
configure:4499: $? = 0
configure:4502: test -s conftest.o
configure:4505: $? = 0
configure:4531: g++ -c -g -O2  conftest.cc >&5
configure:4537: $? = 0
configure:4540: test -z 			 || test ! -s conftest.err
configure:4543: $? = 0
configure:4546: test -s conftest.o
configure:4549: $? = 0
configure:4577: checking how to run the C++ preprocessor
configure:4608: g++ -E  conftest.cc
configure:4614: $? = 0
configure:4646: g++ -E  conftest.cc
conftest.cc:25:28: error: ac_nonexistent.h: No such file or directory
configure:4652: $? = 1
configure: failed program was:
| /* confdefs.h.  */
| 
| #define PACKAGE_NAME "pamtester"
| #define PACKAGE_TARNAME "pamtester"
| #define PACKAGE_VERSION "0.1.2"
| #define PACKAGE_STRING "pamtester 0.1.2"
| #define PACKAGE_BUGREPORT ""
| #define PACKAGE "pamtester"
| #define VERSION "0.1.2"
| #define STDC_HEADERS 1
| #define HAVE_SYS_TYPES_H 1
| #define HAVE_SYS_STAT_H 1
| #define HAVE_STDLIB_H 1
| #define HAVE_STRING_H 1
| #define HAVE_MEMORY_H 1
| #define HAVE_STRINGS_H 1
| #define HAVE_INTTYPES_H 1
| #define HAVE_STDINT_H 1
| #define HAVE_UNISTD_H 1
| #define HAVE_DLFCN_H 1
| #ifdef __cplusplus
| extern "C" void std::exit (int) throw (); using std::exit;
| #endif
| /* end confdefs.h.  */
| #include <ac_nonexistent.h>
configure:4691: result: g++ -E
configure:4715: g++ -E  conftest.cc
configure:4721: $? = 0
configure:4753: g++ -E  conftest.cc
conftest.cc:25:28: error: ac_nonexistent.h: No such file or directory
configure:4759: $? = 1
configure: failed program was:
| /* confdefs.h.  */
| 
| #define PACKAGE_NAME "pamtester"
| #define PACKAGE_TARNAME "pamtester"
| #define PACKAGE_VERSION "0.1.2"
| #define PACKAGE_STRING "pamtester 0.1.2"
| #define PACKAGE_BUGREPORT ""
| #define PACKAGE "pamtester"
| #define VERSION "0.1.2"
| #define STDC_HEADERS 1
| #define HAVE_SYS_TYPES_H 1
| #define HAVE_SYS_STAT_H 1
| #define HAVE_STDLIB_H 1
| #define HAVE_STRING_H 1
| #define HAVE_MEMORY_H 1
| #define HAVE_STRINGS_H 1
| #define HAVE_INTTYPES_H 1
| #define HAVE_STDINT_H 1
| #define HAVE_UNISTD_H 1
| #define HAVE_DLFCN_H 1
| #ifdef __cplusplus
| extern "C" void std::exit (int) throw (); using std::exit;
| #endif
| /* end confdefs.h.  */
| #include <ac_nonexistent.h>
configure:4854: checking for g77
configure:4883: result: no
configure:4854: checking for f77
configure:4883: result: no
configure:4854: checking for xlf
configure:4883: result: no
configure:4854: checking for frt
configure:4883: result: no
configure:4854: checking for pgf77
configure:4883: result: no
configure:4854: checking for fort77
configure:4883: result: no
configure:4854: checking for fl32
configure:4883: result: no
configure:4854: checking for af77
configure:4883: result: no
configure:4854: checking for f90
configure:4883: result: no
configure:4854: checking for xlf90
configure:4883: result: no
configure:4854: checking for pgf90
configure:4883: result: no
configure:4854: checking for epcf90
configure:4883: result: no
configure:4854: checking for f95
configure:4870: found /usr/bin/f95
configure:4880: result: f95
configure:4895: checking for Fortran 77 compiler version
configure:4898: f95 --version </dev/null >&5
GNU Fortran (GCC) 4.1.2 20080704 (Red Hat 4.1.2-51)
Copyright (C) 2007 Free Software Foundation, Inc.

GNU Fortran comes with NO WARRANTY, to the extent permitted by law.
You may redistribute copies of GNU Fortran
under the terms of the GNU General Public License.
For more information about these matters, see the file named COPYING

configure:4901: $? = 0
configure:4903: f95 -v </dev/null >&5
Using built-in specs.
Target: ppc64-redhat-linux
Configured with: ../configure --prefix=/usr --mandir=/usr/share/man --infodir=/usr/share/info --enable-shared --enable-threads=posix --enable-checking=release --with-system-zlib --enable-__cxa_atexit --disable-libunwind-exceptions --enable-libgcj-multifile --enable-languages=c,c++,objc,obj-c++,java,fortran --enable-java-awt=gtk --disable-dssi --disable-plugin --with-java-home=/usr/lib/jvm/java-1.4.2-gcj-1.4.2.0/jre --enable-secureplt --with-long-double-128 --host=ppc64-redhat-linux --build=ppc64-redhat-linux --target=ppc64-redhat-linux --with-cpu=default32
Thread model: posix
gcc version 4.1.2 20080704 (Red Hat 4.1.2-51)
configure:4906: $? = 0
configure:4908: f95 -V </dev/null >&5
f95: '-V' option must have argument
configure:4911: $? = 1
configure:4919: checking whether we are using the GNU Fortran 77 compiler
configure:4933: f95 -c  conftest.F >&5
configure:4939: $? = 0
configure:4942: test -z 			 || test ! -s conftest.err
configure:4945: $? = 0
configure:4948: test -s conftest.o
configure:4951: $? = 0
configure:4964: result: yes
configure:4970: checking whether f95 accepts -g
configure:4982: f95 -c -g conftest.f >&5
configure:4988: $? = 0
configure:4991: test -z 			 || test ! -s conftest.err
configure:4994: $? = 0
configure:4997: test -s conftest.o
configure:5000: $? = 0
configure:5012: result: yes
configure:5042: checking the maximum length of command line arguments
configure:5107: result: 262144
configure:5118: checking command to parse /usr/bin/nm -B output from gcc object
configure:5207: gcc -c -O3  conftest.c >&5
configure:5210: $? = 0
configure:5214: /usr/bin/nm -B conftest.o \| sed -n -e 's/^.*[ 	]\([ABCDGIRSTW][ABCDGIRSTW]*\)[ 	][ 	]*\(\)\([_A-Za-z][_A-Za-z0-9]*\)$/\1 \2\3 \3/p' \> conftest.nm
configure:5217: $? = 0
configure:5269: gcc -o conftest -O3   conftest.c conftstm.o >&5
configure:5272: $? = 0
configure:5310: result: ok
configure:5314: checking for objdir
configure:5329: result: .libs
configure:5419: checking for ar
configure:5435: found /usr/bin/ar
configure:5446: result: ar
configure:5499: checking for ranlib
configure:5515: found /usr/bin/ranlib
configure:5526: result: ranlib
configure:5579: checking for strip
configure:5595: found /usr/bin/strip
configure:5606: result: strip
configure:5868: checking if gcc static flag  works
configure:5891: result: yes
configure:5909: checking if gcc supports -fno-rtti -fno-exceptions
configure:5927: gcc -c -O3  -fno-rtti -fno-exceptions conftest.c >&5
cc1: warning: command line option "-fno-rtti" is valid for C++/ObjC++ but not for C
configure:5931: $? = 0
configure:5942: result: no
configure:5957: checking for gcc option to produce PIC
configure:6134: result: -fPIC
configure:6142: checking if gcc PIC flag -fPIC works
configure:6160: gcc -c -O3  -fPIC -DPIC conftest.c >&5
configure:6164: $? = 0
configure:6175: result: yes
configure:6199: checking if gcc supports -c -o file.o
configure:6220: gcc -c -O3  -o out/conftest2.o conftest.c >&5
configure:6224: $? = 0
configure:6244: result: yes
configure:6270: checking whether the gcc linker (/usr/bin/ld -m elf64ppc) supports shared libraries
configure:7117: result: yes
configure:7143: checking whether -lc should be explicitly linked in
configure:7148: gcc -c -O3  conftest.c >&5
configure:7151: $? = 0
configure:7165: gcc -shared conftest.o  -v -Wl,-soname -Wl,conftest -o conftest 2\>\&1 \| grep  -lc  \>/dev/null 2\>\&1
configure:7168: $? = 0
configure:7180: result: no
configure:7188: checking dynamic linker characteristics
configure:7740: result: GNU/Linux ld.so
configure:7744: checking how to hardcode library paths into programs
configure:7769: result: immediate
configure:7783: checking whether stripping libraries is possible
configure:7788: result: yes
configure:8611: checking if libtool supports shared libraries
configure:8613: result: yes
configure:8616: checking whether to build shared libraries
configure:8674: result: yes
configure:8677: checking whether to build static libraries
configure:8681: result: yes
configure:8773: creating libtool
configure:9320: checking for ld used by g++
configure:9387: result: /usr/bin/ld -m elf64ppc
configure:9396: checking if the linker (/usr/bin/ld -m elf64ppc) is GNU ld
configure:9411: result: yes
configure:9462: checking whether the g++ linker (/usr/bin/ld -m elf64ppc) supports shared libraries
configure:10288: result: yes
configure:10306: g++ -c -g -O2  conftest.cc >&5
configure:10309: $? = 0
configure:10405: checking for g++ option to produce PIC
configure:10657: result: -fPIC
configure:10665: checking if g++ PIC flag -fPIC works
configure:10683: g++ -c -g -O2  -fPIC -DPIC conftest.cc >&5
configure:10687: $? = 0
configure:10698: result: yes
configure:10722: checking if g++ supports -c -o file.o
configure:10743: g++ -c -g -O2  -o out/conftest2.o conftest.cc >&5
configure:10747: $? = 0
configure:10767: result: yes
configure:10793: checking whether the g++ linker (/usr/bin/ld -m elf64ppc) supports shared libraries
configure:10821: result: yes
configure:10892: checking dynamic linker characteristics
configure:11444: result: GNU/Linux ld.so
configure:11448: checking how to hardcode library paths into programs
configure:11473: result: immediate
configure:11487: checking whether stripping libraries is possible
configure:11492: result: yes
configure:12792: checking if libtool supports shared libraries
configure:12794: result: yes
configure:12797: checking whether to build shared libraries
configure:12815: result: yes
configure:12818: checking whether to build static libraries
configure:12822: result: yes
configure:12834: checking for f95 option to produce PIC
configure:13011: result: -fPIC
configure:13019: checking if f95 PIC flag -fPIC works
configure:13037: f95 -c -g -O2 -fPIC conftest.f >&5
configure:13041: $? = 0
configure:13052: result: yes
configure:13076: checking if f95 supports -c -o file.o
configure:13097: f95 -c -g -O2 -o out/conftest2.o conftest.f >&5
configure:13101: $? = 0
configure:13121: result: yes
configure:13147: checking whether the f95 linker (/usr/bin/ld -m elf64ppc) supports shared libraries
configure:13974: result: yes
configure:14045: checking dynamic linker characteristics
configure:14597: result: GNU/Linux ld.so
configure:14601: checking how to hardcode library paths into programs
configure:14626: result: immediate
configure:14640: checking whether stripping libraries is possible
configure:14645: result: yes
configure:18766: checking for pam_start in -lpam
configure:18796: gcc -o conftest -O3   conftest.c -lpam    >&5
configure:18802: $? = 0
configure:18805: test -z 			 || test ! -s conftest.err
configure:18808: $? = 0
configure:18811: test -s conftest
configure:18814: $? = 0
configure:18827: result: yes
configure:18857: checking pam/pam_misc.h usability
configure:18869: gcc -c -O3   conftest.c >&5
conftest.c:59:26: error: pam/pam_misc.h: No such file or directory
configure:18875: $? = 1
configure: failed program was:
| /* confdefs.h.  */
| 
| #define PACKAGE_NAME "pamtester"
| #define PACKAGE_TARNAME "pamtester"
| #define PACKAGE_VERSION "0.1.2"
| #define PACKAGE_STRING "pamtester 0.1.2"
| #define PACKAGE_BUGREPORT ""
| #define PACKAGE "pamtester"
| #define VERSION "0.1.2"
| #define STDC_HEADERS 1
| #define HAVE_SYS_TYPES_H 1
| #define HAVE_SYS_STAT_H 1
| #define HAVE_STDLIB_H 1
| #define HAVE_STRING_H 1
| #define HAVE_MEMORY_H 1
| #define HAVE_STRINGS_H 1
| #define HAVE_INTTYPES_H 1
| #define HAVE_STDINT_H 1
| #define HAVE_UNISTD_H 1
| #define HAVE_DLFCN_H 1
| #ifdef __cplusplus
| extern "C" void std::exit (int) throw (); using std::exit;
| #endif
| /* end confdefs.h.  */
| #include <stdio.h>
| #if HAVE_SYS_TYPES_H
| # include <sys/types.h>
| #endif
| #if HAVE_SYS_STAT_H
| # include <sys/stat.h>
| #endif
| #if STDC_HEADERS
| # include <stdlib.h>
| # include <stddef.h>
| #else
| # if HAVE_STDLIB_H
| #  include <stdlib.h>
| # endif
| #endif
| #if HAVE_STRING_H
| # if !STDC_HEADERS && HAVE_MEMORY_H
| #  include <memory.h>
| # endif
| # include <string.h>
| #endif
| #if HAVE_STRINGS_H
| # include <strings.h>
| #endif
| #if HAVE_INTTYPES_H
| # include <inttypes.h>
| #else
| # if HAVE_STDINT_H
| #  include <stdint.h>
| # endif
| #endif
| #if HAVE_UNISTD_H
| # include <unistd.h>
| #endif
| #include <pam/pam_misc.h>
configure:18897: result: no
configure:18901: checking pam/pam_misc.h presence
configure:18911: gcc -E   conftest.c
conftest.c:25:26: error: pam/pam_misc.h: No such file or directory
configure:18917: $? = 1
configure: failed program was:
| /* confdefs.h.  */
| 
| #define PACKAGE_NAME "pamtester"
| #define PACKAGE_TARNAME "pamtester"
| #define PACKAGE_VERSION "0.1.2"
| #define PACKAGE_STRING "pamtester 0.1.2"
| #define PACKAGE_BUGREPORT ""
| #define PACKAGE "pamtester"
| #define VERSION "0.1.2"
| #define STDC_HEADERS 1
| #define HAVE_SYS_TYPES_H 1
| #define HAVE_SYS_STAT_H 1
| #define HAVE_STDLIB_H 1
| #define HAVE_STRING_H 1
| #define HAVE_MEMORY_H 1
| #define HAVE_STRINGS_H 1
| #define HAVE_INTTYPES_H 1
| #define HAVE_STDINT_H 1
| #define HAVE_UNISTD_H 1
| #define HAVE_DLFCN_H 1
| #ifdef __cplusplus
| extern "C" void std::exit (int) throw (); using std::exit;
| #endif
| /* end confdefs.h.  */
| #include <pam/pam_misc.h>
configure:18937: result: no
configure:18972: checking for pam/pam_misc.h
configure:18979: result: no
configure:18857: checking security/pam_misc.h usability
configure:18869: gcc -c -O3   conftest.c >&5
configure:18875: $? = 0
configure:18878: test -z 			 || test ! -s conftest.err
configure:18881: $? = 0
configure:18884: test -s conftest.o
configure:18887: $? = 0
configure:18897: result: yes
configure:18901: checking security/pam_misc.h presence
configure:18911: gcc -E   conftest.c
configure:18917: $? = 0
configure:18937: result: yes
configure:18972: checking for security/pam_misc.h
configure:18979: result: yes
configure:18988: checking for misc_conv in -lpam_misc
configure:19018: gcc -o conftest -O3    conftest.c -lpam_misc    -lpam >&5
configure:19024: $? = 0
configure:19027: test -z 			 || test ! -s conftest.err
configure:19030: $? = 0
configure:19033: test -s conftest
configure:19036: $? = 0
configure:19049: result: yes
configure:18857: checking pam_misc.h usability
configure:18869: gcc -c -O3   conftest.c >&5
conftest.c:61:22: error: pam_misc.h: No such file or directory
configure:18875: $? = 1
configure: failed program was:
| /* confdefs.h.  */
| 
| #define PACKAGE_NAME "pamtester"
| #define PACKAGE_TARNAME "pamtester"
| #define PACKAGE_VERSION "0.1.2"
| #define PACKAGE_STRING "pamtester 0.1.2"
| #define PACKAGE_BUGREPORT ""
| #define PACKAGE "pamtester"
| #define VERSION "0.1.2"
| #define STDC_HEADERS 1
| #define HAVE_SYS_TYPES_H 1
| #define HAVE_SYS_STAT_H 1
| #define HAVE_STDLIB_H 1
| #define HAVE_STRING_H 1
| #define HAVE_MEMORY_H 1
| #define HAVE_STRINGS_H 1
| #define HAVE_INTTYPES_H 1
| #define HAVE_STDINT_H 1
| #define HAVE_UNISTD_H 1
| #define HAVE_DLFCN_H 1
| #ifdef __cplusplus
| extern "C" void std::exit (int) throw (); using std::exit;
| #endif
| #define HAVE_SECURITY_PAM_MISC_H 1
| #define HAVE_MISC_CONV 1
| /* end confdefs.h.  */
| #include <stdio.h>
| #if HAVE_SYS_TYPES_H
| # include <sys/types.h>
| #endif
| #if HAVE_SYS_STAT_H
| # include <sys/stat.h>
| #endif
| #if STDC_HEADERS
| # include <stdlib.h>
| # include <stddef.h>
| #else
| # if HAVE_STDLIB_H
| #  include <stdlib.h>
| # endif
| #endif
| #if HAVE_STRING_H
| # if !STDC_HEADERS && HAVE_MEMORY_H
| #  include <memory.h>
| # endif
| # include <string.h>
| #endif
| #if HAVE_STRINGS_H
| # include <strings.h>
| #endif
| #if HAVE_INTTYPES_H
| # include <inttypes.h>
| #else
| # if HAVE_STDINT_H
| #  include <stdint.h>
| # endif
| #endif
| #if HAVE_UNISTD_H
| # include <unistd.h>
| #endif
| #include <pam_misc.h>
configure:18897: result: no
configure:18901: checking pam_misc.h presence
configure:18911: gcc -E   conftest.c
conftest.c:27:22: error: pam_misc.h: No such file or directory
configure:18917: $? = 1
configure: failed program was:
| /* confdefs.h.  */
| 
| #define PACKAGE_NAME "pamtester"
| #define PACKAGE_TARNAME "pamtester"
| #define PACKAGE_VERSION "0.1.2"
| #define PACKAGE_STRING "pamtester 0.1.2"
| #define PACKAGE_BUGREPORT ""
| #define PACKAGE "pamtester"
| #define VERSION "0.1.2"
| #define STDC_HEADERS 1
| #define HAVE_SYS_TYPES_H 1
| #define HAVE_SYS_STAT_H 1
| #define HAVE_STDLIB_H 1
| #define HAVE_STRING_H 1
| #define HAVE_MEMORY_H 1
| #define HAVE_STRINGS_H 1
| #define HAVE_INTTYPES_H 1
| #define HAVE_STDINT_H 1
| #define HAVE_UNISTD_H 1
| #define HAVE_DLFCN_H 1
| #ifdef __cplusplus
| extern "C" void std::exit (int) throw (); using std::exit;
| #endif
| #define HAVE_SECURITY_PAM_MISC_H 1
| #define HAVE_MISC_CONV 1
| /* end confdefs.h.  */
| #include <pam_misc.h>
configure:18937: result: no
configure:18972: checking for pam_misc.h
configure:18979: result: no
configure:19236: checking pam/pam_appl.h usability
configure:19248: gcc -c -O3   conftest.c >&5
conftest.c:61:26: error: pam/pam_appl.h: No such file or directory
configure:19254: $? = 1
configure: failed program was:
| /* confdefs.h.  */
| 
| #define PACKAGE_NAME "pamtester"
| #define PACKAGE_TARNAME "pamtester"
| #define PACKAGE_VERSION "0.1.2"
| #define PACKAGE_STRING "pamtester 0.1.2"
| #define PACKAGE_BUGREPORT ""
| #define PACKAGE "pamtester"
| #define VERSION "0.1.2"
| #define STDC_HEADERS 1
| #define HAVE_SYS_TYPES_H 1
| #define HAVE_SYS_STAT_H 1
| #define HAVE_STDLIB_H 1
| #define HAVE_STRING_H 1
| #define HAVE_MEMORY_H 1
| #define HAVE_STRINGS_H 1
| #define HAVE_INTTYPES_H 1
| #define HAVE_STDINT_H 1
| #define HAVE_UNISTD_H 1
| #define HAVE_DLFCN_H 1
| #ifdef __cplusplus
| extern "C" void std::exit (int) throw (); using std::exit;
| #endif
| #define HAVE_SECURITY_PAM_MISC_H 1
| #define HAVE_MISC_CONV 1
| /* end confdefs.h.  */
| #include <stdio.h>
| #if HAVE_SYS_TYPES_H
| # include <sys/types.h>
| #endif
| #if HAVE_SYS_STAT_H
| # include <sys/stat.h>
| #endif
| #if STDC_HEADERS
| # include <stdlib.h>
| # include <stddef.h>
| #else
| # if HAVE_STDLIB_H
| #  include <stdlib.h>
| # endif
| #endif
| #if HAVE_STRING_H
| # if !STDC_HEADERS && HAVE_MEMORY_H
| #  include <memory.h>
| # endif
| # include <string.h>
| #endif
| #if HAVE_STRINGS_H
| # include <strings.h>
| #endif
| #if HAVE_INTTYPES_H
| # include <inttypes.h>
| #else
| # if HAVE_STDINT_H
| #  include <stdint.h>
| # endif
| #endif
| #if HAVE_UNISTD_H
| # include <unistd.h>
| #endif
| #include <pam/pam_appl.h>
configure:19276: result: no
configure:19280: checking pam/pam_appl.h presence
configure:19290: gcc -E   conftest.c
conftest.c:27:26: error: pam/pam_appl.h: No such file or directory
configure:19296: $? = 1
configure: failed program was:
| /* confdefs.h.  */
| 
| #define PACKAGE_NAME "pamtester"
| #define PACKAGE_TARNAME "pamtester"
| #define PACKAGE_VERSION "0.1.2"
| #define PACKAGE_STRING "pamtester 0.1.2"
| #define PACKAGE_BUGREPORT ""
| #define PACKAGE "pamtester"
| #define VERSION "0.1.2"
| #define STDC_HEADERS 1
| #define HAVE_SYS_TYPES_H 1
| #define HAVE_SYS_STAT_H 1
| #define HAVE_STDLIB_H 1
| #define HAVE_STRING_H 1
| #define HAVE_MEMORY_H 1
| #define HAVE_STRINGS_H 1
| #define HAVE_INTTYPES_H 1
| #define HAVE_STDINT_H 1
| #define HAVE_UNISTD_H 1
| #define HAVE_DLFCN_H 1
| #ifdef __cplusplus
| extern "C" void std::exit (int) throw (); using std::exit;
| #endif
| #define HAVE_SECURITY_PAM_MISC_H 1
| #define HAVE_MISC_CONV 1
| /* end confdefs.h.  */
| #include <pam/pam_appl.h>
configure:19316: result: no
configure:19351: checking for pam/pam_appl.h
configure:19358: result: no
configure:19388: checking security/pam_appl.h usability
configure:19400: gcc -c -O3   conftest.c >&5
configure:19406: $? = 0
configure:19409: test -z 			 || test ! -s conftest.err
configure:19412: $? = 0
configure:19415: test -s conftest.o
configure:19418: $? = 0
configure:19428: result: yes
configure:19432: checking security/pam_appl.h presence
configure:19442: gcc -E   conftest.c
configure:19448: $? = 0
configure:19468: result: yes
configure:19503: checking for security/pam_appl.h
configure:19510: result: yes
configure:19540: checking pam_appl.h usability
configure:19552: gcc -c -O3   conftest.c >&5
conftest.c:62:22: error: pam_appl.h: No such file or directory
configure:19558: $? = 1
configure: failed program was:
| /* confdefs.h.  */
| 
| #define PACKAGE_NAME "pamtester"
| #define PACKAGE_TARNAME "pamtester"
| #define PACKAGE_VERSION "0.1.2"
| #define PACKAGE_STRING "pamtester 0.1.2"
| #define PACKAGE_BUGREPORT ""
| #define PACKAGE "pamtester"
| #define VERSION "0.1.2"
| #define STDC_HEADERS 1
| #define HAVE_SYS_TYPES_H 1
| #define HAVE_SYS_STAT_H 1
| #define HAVE_STDLIB_H 1
| #define HAVE_STRING_H 1
| #define HAVE_MEMORY_H 1
| #define HAVE_STRINGS_H 1
| #define HAVE_INTTYPES_H 1
| #define HAVE_STDINT_H 1
| #define HAVE_UNISTD_H 1
| #define HAVE_DLFCN_H 1
| #ifdef __cplusplus
| extern "C" void std::exit (int) throw (); using std::exit;
| #endif
| #define HAVE_SECURITY_PAM_MISC_H 1
| #define HAVE_MISC_CONV 1
| #define HAVE_SECURITY_PAM_APPL_H 1
| /* end confdefs.h.  */
| #include <stdio.h>
| #if HAVE_SYS_TYPES_H
| # include <sys/types.h>
| #endif
| #if HAVE_SYS_STAT_H
| # include <sys/stat.h>
| #endif
| #if STDC_HEADERS
| # include <stdlib.h>
| # include <stddef.h>
| #else
| # if HAVE_STDLIB_H
| #  include <stdlib.h>
| # endif
| #endif
| #if HAVE_STRING_H
| # if !STDC_HEADERS && HAVE_MEMORY_H
| #  include <memory.h>
| # endif
| # include <string.h>
| #endif
| #if HAVE_STRINGS_H
| # include <strings.h>
| #endif
| #if HAVE_INTTYPES_H
| # include <inttypes.h>
| #else
| # if HAVE_STDINT_H
| #  include <stdint.h>
| # endif
| #endif
| #if HAVE_UNISTD_H
| # include <unistd.h>
| #endif
| #include <pam_appl.h>
configure:19580: result: no
configure:19584: checking pam_appl.h presence
configure:19594: gcc -E   conftest.c
conftest.c:28:22: error: pam_appl.h: No such file or directory
configure:19600: $? = 1
configure: failed program was:
| /* confdefs.h.  */
| 
| #define PACKAGE_NAME "pamtester"
| #define PACKAGE_TARNAME "pamtester"
| #define PACKAGE_VERSION "0.1.2"
| #define PACKAGE_STRING "pamtester 0.1.2"
| #define PACKAGE_BUGREPORT ""
| #define PACKAGE "pamtester"
| #define VERSION "0.1.2"
| #define STDC_HEADERS 1
| #define HAVE_SYS_TYPES_H 1
| #define HAVE_SYS_STAT_H 1
| #define HAVE_STDLIB_H 1
| #define HAVE_STRING_H 1
| #define HAVE_MEMORY_H 1
| #define HAVE_STRINGS_H 1
| #define HAVE_INTTYPES_H 1
| #define HAVE_STDINT_H 1
| #define HAVE_UNISTD_H 1
| #define HAVE_DLFCN_H 1
| #ifdef __cplusplus
| extern "C" void std::exit (int) throw (); using std::exit;
| #endif
| #define HAVE_SECURITY_PAM_MISC_H 1
| #define HAVE_MISC_CONV 1
| #define HAVE_SECURITY_PAM_APPL_H 1
| /* end confdefs.h.  */
| #include <pam_appl.h>
configure:19620: result: no
configure:19655: checking for pam_appl.h
configure:19662: result: no
configure:19678: checking if the second argument of pam_conv.conv() takes const pointer
configure:19705: gcc -c -Wall -Werror -O3   conftest.c >&5
conftest.c: In function 'main':
conftest.c:36: error: 'NULL' undeclared (first use in this function)
conftest.c:36: error: (Each undeclared identifier is reported only once
conftest.c:36: error: for each function it appears in.)
configure:19711: $? = 1
configure: failed program was:
| /* confdefs.h.  */
| 
| #define PACKAGE_NAME "pamtester"
| #define PACKAGE_TARNAME "pamtester"
| #define PACKAGE_VERSION "0.1.2"
| #define PACKAGE_STRING "pamtester 0.1.2"
| #define PACKAGE_BUGREPORT ""
| #define PACKAGE "pamtester"
| #define VERSION "0.1.2"
| #define STDC_HEADERS 1
| #define HAVE_SYS_TYPES_H 1
| #define HAVE_SYS_STAT_H 1
| #define HAVE_STDLIB_H 1
| #define HAVE_STRING_H 1
| #define HAVE_MEMORY_H 1
| #define HAVE_STRINGS_H 1
| #define HAVE_INTTYPES_H 1
| #define HAVE_STDINT_H 1
| #define HAVE_UNISTD_H 1
| #define HAVE_DLFCN_H 1
| #ifdef __cplusplus
| extern "C" void std::exit (int) throw (); using std::exit;
| #endif
| #define HAVE_SECURITY_PAM_MISC_H 1
| #define HAVE_MISC_CONV 1
| #define HAVE_SECURITY_PAM_APPL_H 1
| /* end confdefs.h.  */
| 
| #include <security/pam_appl.h>
| 
| int
| main ()
| {
| 
|   int (*conv)(int num_msg, const struct pam_message **msg,
|       struct pam_response **resp, void *appdata_ptr) = NULL;
|   struct pam_conv c = { conv, NULL };
|   c.conv = NULL;
| 
|   ;
|   return 0;
| }
configure:19739: result: no
configure:19758: checking for ANSI C header files
configure:19913: result: yes
configure:19931: checking for string.h
configure:19936: result: yes
configure:19931: checking for unistd.h
configure:19936: result: yes
configure:19931: checking for memory.h
configure:19936: result: yes
configure:19940: checking errno.h usability
configure:19952: gcc -c -O3  conftest.c >&5
configure:19958: $? = 0
configure:19961: test -z 			 || test ! -s conftest.err
configure:19964: $? = 0
configure:19967: test -s conftest.o
configure:19970: $? = 0
configure:19980: result: yes
configure:19984: checking errno.h presence
configure:19994: gcc -E  conftest.c
configure:20000: $? = 0
configure:20020: result: yes
configure:20055: checking for errno.h
configure:20062: result: yes
configure:20077: checking for an ANSI C-conforming const
configure:20144: gcc -c -O3  conftest.c >&5
configure:20150: $? = 0
configure:20153: test -z 			 || test ! -s conftest.err
configure:20156: $? = 0
configure:20159: test -s conftest.o
configure:20162: $? = 0
configure:20173: result: yes
configure:20183: checking for size_t
configure:20207: gcc -c -O3  conftest.c >&5
configure:20213: $? = 0
configure:20216: test -z 			 || test ! -s conftest.err
configure:20219: $? = 0
configure:20222: test -s conftest.o
configure:20225: $? = 0
configure:20236: result: yes
configure:20261: checking for memset
configure:20318: gcc -o conftest -O3   conftest.c   -lpam -lpam_misc >&5
conftest.c:58: warning: conflicting types for built-in function 'memset'
configure:20324: $? = 0
configure:20327: test -z 			 || test ! -s conftest.err
configure:20330: $? = 0
configure:20333: test -s conftest
configure:20336: $? = 0
configure:20348: result: yes
configure:20261: checking for strcasecmp
configure:20318: gcc -o conftest -O3   conftest.c   -lpam -lpam_misc >&5
conftest.c:59: warning: conflicting types for built-in function 'strcasecmp'
configure:20324: $? = 0
configure:20327: test -z 			 || test ! -s conftest.err
configure:20330: $? = 0
configure:20333: test -s conftest
configure:20336: $? = 0
configure:20348: result: yes
configure:20261: checking for strchr
configure:20318: gcc -o conftest -O3   conftest.c   -lpam -lpam_misc >&5
conftest.c:60: warning: conflicting types for built-in function 'strchr'
configure:20324: $? = 0
configure:20327: test -z 			 || test ! -s conftest.err
configure:20330: $? = 0
configure:20333: test -s conftest
configure:20336: $? = 0
configure:20348: result: yes
configure:20261: checking for strncasecmp
configure:20318: gcc -o conftest -O3   conftest.c   -lpam -lpam_misc >&5
conftest.c:61: warning: conflicting types for built-in function 'strncasecmp'
configure:20324: $? = 0
configure:20327: test -z 			 || test ! -s conftest.err
configure:20330: $? = 0
configure:20333: test -s conftest
configure:20336: $? = 0
configure:20348: result: yes
configure:20261: checking for strtol
configure:20318: gcc -o conftest -O3   conftest.c   -lpam -lpam_misc >&5
configure:20324: $? = 0
configure:20327: test -z 			 || test ! -s conftest.err
configure:20330: $? = 0
configure:20333: test -s conftest
configure:20336: $? = 0
configure:20348: result: yes
configure:20261: checking for strtoul
configure:20318: gcc -o conftest -O3   conftest.c   -lpam -lpam_misc >&5
configure:20324: $? = 0
configure:20327: test -z 			 || test ! -s conftest.err
configure:20330: $? = 0
configure:20333: test -s conftest
configure:20336: $? = 0
configure:20348: result: yes
configure:20261: checking for malloc
configure:20318: gcc -o conftest -O3   conftest.c   -lpam -lpam_misc >&5
conftest.c:64: warning: conflicting types for built-in function 'malloc'
configure:20324: $? = 0
configure:20327: test -z 			 || test ! -s conftest.err
configure:20330: $? = 0
configure:20333: test -s conftest
configure:20336: $? = 0
configure:20348: result: yes
configure:20261: checking for realloc
configure:20318: gcc -o conftest -O3   conftest.c   -lpam -lpam_misc >&5
configure:20324: $? = 0
configure:20327: test -z 			 || test ! -s conftest.err
configure:20330: $? = 0
configure:20333: test -s conftest
configure:20336: $? = 0
configure:20348: result: yes
configure:20456: creating ./config.status

## ---------------------- ##
## Running config.status. ##
## ---------------------- ##

This file was extended by pamtester config.status 0.1.2, which was
generated by GNU Autoconf 2.59.  Invocation command line was

  CONFIG_FILES    = 
  CONFIG_HEADERS  = 
  CONFIG_LINKS    = 
  CONFIG_COMMANDS = 
  $ ./config.status 

on learn-f

config.status:739: creating Makefile
config.status:739: creating src/Makefile
config.status:739: creating doc/Makefile
config.status:739: creating doc/pamtester.1
config.status:805: creating config.h
config.status:947: config.h is unchanged
config.status:1105: executing default-1 commands

## ---------------- ##
## Cache variables. ##
## ---------------- ##

ac_cv_build=powerpc64-unknown-linux-gnu
ac_cv_build_alias=powerpc64-unknown-linux-gnu
ac_cv_c_compiler_gnu=yes
ac_cv_c_const=yes
ac_cv_cxx_compiler_gnu=yes
ac_cv_env_CC_set=
ac_cv_env_CC_value=
ac_cv_env_CFLAGS_set=set
ac_cv_env_CFLAGS_value=-O3
ac_cv_env_CPPFLAGS_set=
ac_cv_env_CPPFLAGS_value=
ac_cv_env_CPP_set=
ac_cv_env_CPP_value=
ac_cv_env_CXXCPP_set=
ac_cv_env_CXXCPP_value=
ac_cv_env_CXXFLAGS_set=
ac_cv_env_CXXFLAGS_value=
ac_cv_env_CXX_set=
ac_cv_env_CXX_value=
ac_cv_env_F77_set=
ac_cv_env_F77_value=
ac_cv_env_FFLAGS_set=
ac_cv_env_FFLAGS_value=
ac_cv_env_LDFLAGS_set=
ac_cv_env_LDFLAGS_value=
ac_cv_env_build_alias_set=
ac_cv_env_build_alias_value=
ac_cv_env_host_alias_set=
ac_cv_env_host_alias_value=
ac_cv_env_target_alias_set=
ac_cv_env_target_alias_value=
ac_cv_exeext=
ac_cv_f77_compiler_gnu=yes
ac_cv_func_malloc=yes
ac_cv_func_memset=yes
ac_cv_func_realloc=yes
ac_cv_func_strcasecmp=yes
ac_cv_func_strchr=yes
ac_cv_func_strncasecmp=yes
ac_cv_func_strtol=yes
ac_cv_func_strtoul=yes
ac_cv_header_dlfcn_h=yes
ac_cv_header_errno_h=yes
ac_cv_header_inttypes_h=yes
ac_cv_header_memory_h=yes
ac_cv_header_pam_appl_h=no
ac_cv_header_pam_misc_h=no
ac_cv_header_pam_pam_appl_h=no
ac_cv_header_pam_pam_misc_h=no
ac_cv_header_security_pam_appl_h=yes
ac_cv_header_security_pam_misc_h=yes
ac_cv_header_stdc=yes
ac_cv_header_stdint_h=yes
ac_cv_header_stdlib_h=yes
ac_cv_header_string_h=yes
ac_cv_header_strings_h=yes
ac_cv_header_sys_stat_h=yes
ac_cv_header_sys_types_h=yes
ac_cv_header_unistd_h=yes
ac_cv_host=powerpc64-unknown-linux-gnu
ac_cv_host_alias=powerpc64-unknown-linux-gnu
ac_cv_lib_pam_misc_misc_conv=yes
ac_cv_lib_pam_pam_start=yes
ac_cv_objext=o
ac_cv_path_install='/usr/bin/install -c'
ac_cv_prog_CPP='gcc -E'
ac_cv_prog_CXXCPP='g++ -E'
ac_cv_prog_ac_ct_AR=ar
ac_cv_prog_ac_ct_CC=gcc
ac_cv_prog_ac_ct_CXX=g++
ac_cv_prog_ac_ct_F77=f95
ac_cv_prog_ac_ct_RANLIB=ranlib
ac_cv_prog_ac_ct_STRIP=strip
ac_cv_prog_cc_g=yes
ac_cv_prog_cc_stdc=
ac_cv_prog_cxx_g=yes
ac_cv_prog_egrep='grep -E'
ac_cv_prog_f77_g=yes
ac_cv_prog_make_make_set=yes
ac_cv_type_size_t=yes
lt_cv_deplibs_check_method=pass_all
lt_cv_file_magic_cmd='$MAGIC_CMD'
lt_cv_file_magic_test_file=
lt_cv_ld_reload_flag=-r
lt_cv_objdir=.libs
lt_cv_path_LD=/usr/bin/ld
lt_cv_path_LDCXX='/usr/bin/ld -m elf64ppc'
lt_cv_path_NM='/usr/bin/nm -B'
lt_cv_path_SED=/bin/sed
lt_cv_prog_compiler_c_o=yes
lt_cv_prog_compiler_c_o_CXX=yes
lt_cv_prog_compiler_c_o_F77=yes
lt_cv_prog_compiler_rtti_exceptions=no
lt_cv_prog_gnu_ld=yes
lt_cv_prog_gnu_ldcxx=yes
lt_cv_sys_global_symbol_pipe='sed -n -e '\''s/^.*[ 	]\([ABCDGIRSTW][ABCDGIRSTW]*\)[ 	][ 	]*\(\)\([_A-Za-z][_A-Za-z0-9]*\)$/\1 \2\3 \3/p'\'''
lt_cv_sys_global_symbol_to_c_name_address='sed -n -e '\''s/^: \([^ ]*\) $/  {\"\1\", (lt_ptr) 0},/p'\'' -e '\''s/^[BCDEGRST] \([^ ]*\) \([^ ]*\)$/  {"\2", (lt_ptr) \&\2},/p'\'''
lt_cv_sys_global_symbol_to_cdecl='sed -n -e '\''s/^. .* \(.*\)$/extern int \1;/p'\'''
lt_cv_sys_max_cmd_len=262144
lt_lt_cv_prog_compiler_c_o='"yes"'
lt_lt_cv_prog_compiler_c_o_CXX='"yes"'
lt_lt_cv_prog_compiler_c_o_F77='"yes"'
lt_lt_cv_sys_global_symbol_pipe='"sed -n -e '\''s/^.*[ 	]\\([ABCDGIRSTW][ABCDGIRSTW]*\\)[ 	][ 	]*\\(\\)\\([_A-Za-z][_A-Za-z0-9]*\\)\$/\\1 \\2\\3 \\3/p'\''"'
lt_lt_cv_sys_global_symbol_to_c_name_address='"sed -n -e '\''s/^: \\([^ ]*\\) \$/  {\\\"\\1\\\", (lt_ptr) 0},/p'\'' -e '\''s/^[BCDEGRST] \\([^ ]*\\) \\([^ ]*\\)\$/  {\"\\2\", (lt_ptr) \\&\\2},/p'\''"'
lt_lt_cv_sys_global_symbol_to_cdecl='"sed -n -e '\''s/^. .* \\(.*\\)\$/extern int \\1;/p'\''"'

## ----------------- ##
## Output variables. ##
## ----------------- ##

ACLOCAL='/usr/local/src/pamtester-0.1.2/missing aclocal-1.4'
AR='ar'
AUTOCONF='autoconf'
AUTOHEADER='autoheader'
AUTOMAKE='/usr/local/src/pamtester-0.1.2/missing automake-1.4'
CC='gcc'
CFLAGS='-O3'
CPP='gcc -E'
CPPFLAGS=''
CXX='g++'
CXXCPP='g++ -E'
CXXFLAGS='-g -O2'
DEFS='-DHAVE_CONFIG_H'
ECHO='echo'
ECHO_C=''
ECHO_N='-n'
ECHO_T=''
EGREP='grep -E'
EXEEXT=''
F77='f95'
FFLAGS='-g -O2'
INCLUDES=' '
INSTALL_DATA='${INSTALL} -m 644'
INSTALL_PROGRAM='${INSTALL}'
INSTALL_SCRIPT='${INSTALL}'
LDFLAGS=''
LIBOBJS=''
LIBS='  -lpam -lpam_misc'
LIBTOOL='$(SHELL) $(top_builddir)/libtool'
LN_S='ln -s'
LTLIBOBJS=''
MAINT='#'
MAINTAINER_MODE_FALSE=''
MAINTAINER_MODE_TRUE='#'
MAKEINFO='/usr/local/src/pamtester-0.1.2/missing makeinfo'
OBJEXT='o'
PACKAGE='pamtester'
PACKAGE_BUGREPORT=''
PACKAGE_NAME='pamtester'
PACKAGE_STRING='pamtester 0.1.2'
PACKAGE_TARNAME='pamtester'
PACKAGE_VERSION='0.1.2'
PATH_SEPARATOR=':'
RANLIB='ranlib'
SET_MAKE=''
SHELL='/bin/sh'
STRIP='strip'
VERSION='0.1.2'
ac_ct_AR='ar'
ac_ct_CC='gcc'
ac_ct_CXX='g++'
ac_ct_F77='f95'
ac_ct_RANLIB='ranlib'
ac_ct_STRIP='strip'
bindir='${exec_prefix}/bin'
build='powerpc64-unknown-linux-gnu'
build_alias=''
build_cpu='powerpc64'
build_os='linux-gnu'
build_vendor='unknown'
datadir='${prefix}/share'
exec_prefix='${prefix}'
host='powerpc64-unknown-linux-gnu'
host_alias=''
host_cpu='powerpc64'
host_os='linux-gnu'
host_vendor='unknown'
includedir='${prefix}/include'
infodir='${prefix}/info'
libdir='${exec_prefix}/lib'
libexecdir='${exec_prefix}/libexec'
localstatedir='${prefix}/var'
mandir='${prefix}/man'
oldincludedir='/usr/include'
prefix='/usr/local/pamtester-0.1.2'
program_transform_name='s,x,x,'
sbindir='${exec_prefix}/sbin'
sharedstatedir='${prefix}/com'
sysconfdir='${prefix}/etc'
target_alias=''

## ----------- ##
## confdefs.h. ##
## ----------- ##

#define HAVE_DLFCN_H 1
#define HAVE_ERRNO_H 1
#define HAVE_INTTYPES_H 1
#define HAVE_MALLOC 1
#define HAVE_MEMORY_H 1
#define HAVE_MEMORY_H 1
#define HAVE_MEMSET 1
#define HAVE_MISC_CONV 1
#define HAVE_REALLOC 1
#define HAVE_SECURITY_PAM_APPL_H 1
#define HAVE_SECURITY_PAM_MISC_H 1
#define HAVE_STDINT_H 1
#define HAVE_STDLIB_H 1
#define HAVE_STRCASECMP 1
#define HAVE_STRCHR 1
#define HAVE_STRINGS_H 1
#define HAVE_STRING_H 1
#define HAVE_STRING_H 1
#define HAVE_STRNCASECMP 1
#define HAVE_STRTOL 1
#define HAVE_STRTOUL 1
#define HAVE_SYS_STAT_H 1
#define HAVE_SYS_TYPES_H 1
#define HAVE_UNISTD_H 1
#define HAVE_UNISTD_H 1
#define PACKAGE "pamtester"
#define PACKAGE_BUGREPORT ""
#define PACKAGE_NAME "pamtester"
#define PACKAGE_STRING "pamtester 0.1.2"
#define PACKAGE_TARNAME "pamtester"
#define PACKAGE_VERSION "0.1.2"
#define PAM_CONV_CONST
#define STDC_HEADERS 1
#define STDC_HEADERS 1
#define VERSION "0.1.2"
#endif
#ifdef __cplusplus
extern "C" void std::exit (int) throw (); using std::exit;

configure: exit 0
